make all --print-data-base --no-builtin-variables --no-builtin-rules --question
# GNU Make 3.81
# Copyright (C) 2006  Free Software Foundation, Inc.
# This is free software; see the source for copying conditions.
# There is NO warranty; not even for MERCHANTABILITY or FITNESS FOR A
# PARTICULAR PURPOSE.

# This program built for i386-apple-darwin11.3.0
 
make: *** No rule to make target `all'.  Stop.


# Make data base, printed on Mon Aug 29 10:58:50 2022

# Variables

# automatic
<D = $(patsubst %/,%,$(dir $<))
# automatic
?F = $(notdir $?)
# automatic
?D = $(patsubst %/,%,$(dir $?))
# automatic
@D = $(patsubst %/,%,$(dir $@))
# automatic
@F = $(notdir $@)
# makefile
CURDIR := /Users/priyul/Desktop/214 P2/Task 1:2
# makefile
SHELL = /bin/sh
# environment
VSCODE_NLS_CONFIG = {"locale":"en-gb","availableLanguages":{},"_languagePackSupport":true}
# environment
_ = /usr/bin/make
# makefile (from `makefile', line 1)
MAKEFILE_LIST :=  makefile
# environment
__CFBundleIdentifier = com.microsoft.VSCode
# environment
VSCODE_CWD = /
# environment
PATH = /usr/local/bin:/usr/bin:/bin:/usr/sbin:/sbin
# environment
ELECTRON_RUN_AS_NODE = 1
# default
.FEATURES := target-specific order-only second-expansion else-if archives jobserver check-symlink
# environment
SSH_AUTH_SOCK = /private/tmp/com.apple.launchd.NR5IiGQt7H/Listeners
# automatic
%F = $(notdir $%)
# environment
PWD = /Users/priyul/Desktop/214 P2/Task 1:2
# environment
ORIGINAL_XDG_CURRENT_DESKTOP = undefined
# environment
VSCODE_AMD_ENTRYPOINT = vs/workbench/api/node/extensionHostProcess
# environment
HOME = /Users/priyul
# default
MAKEFILEPATH = $(shell /usr/bin/xcode-select -print-path 2>/dev/null || echo /Developer)/Makefiles
# environment
VSCODE_CODE_CACHE_PATH = /Users/priyul/Library/Application Support/Code/CachedData/e4503b30fc78200f846c62cf8091b76ff5547662
# environment
LOGNAME = priyul
# environment
APPLICATION_INSIGHTS_NO_DIAGNOSTIC_CHANNEL = 1
# environment
VSCODE_HANDLES_UNCAUGHT_ERRORS = true
# automatic
^D = $(patsubst %/,%,$(dir $^))
# environment
XPC_FLAGS = 0x0
# default
MAKE = $(MAKE_COMMAND)
# default
MAKECMDGOALS := all
# environment
SHLVL = 1
# default
MAKE_VERSION := 3.81
# environment
USER = priyul
# makefile
.DEFAULT_GOAL := main
# automatic
%D = $(patsubst %/,%,$(dir $%))
# default
MAKE_COMMAND := /Library/Developer/CommandLineTools/usr/bin/make
# default
.VARIABLES := 
# environment
TMPDIR = /var/folders/jx/xgdrg03j4s35dx9qbq4v18100000gn/T/
# automatic
*F = $(notdir $*)
# environment
VSCODE_IPC_HOOK = /Users/priyul/Library/Application Support/Code/1.70.2-main.sock
# environment
MallocNanoZone = 0
# makefile
MAKEFLAGS = Rrqp
# environment
MFLAGS = -Rrqp
# automatic
*D = $(patsubst %/,%,$(dir $*))
# environment
XPC_SERVICE_NAME = application.com.microsoft.VSCode.12156080.12156086
# automatic
+D = $(patsubst %/,%,$(dir $+))
# automatic
+F = $(notdir $+)
# environment
__CF_USER_TEXT_ENCODING = 0x1F5:0x0:0x0
# environment
COMMAND_MODE = unix2003
# default
MAKEFILES := 
# automatic
<F = $(notdir $<)
# environment
LC_ALL = C
# automatic
^F = $(notdir $^)
# default
SUFFIXES := 
# environment
MAKELEVEL := 0
# environment
LANG = C
# environment
VSCODE_PID = 1041
# variable set hash-table stats:
# Load=57/1024=6%, Rehash=0, Collisions=1/80=1%

# Pattern-specific Variable Values

# No pattern-specific variable values.

# Directories

# . (device 16777233, inode 12279178): 44 files, no impossibilities.

# 44 files, no impossibilities in 1 directories.

# Implicit Rules

# No implicit rules.

# Files

# Not a target:
LindtFactory.h:
#  Implicit rule search has not been done.
#  Modification time never checked.
#  File has not been updated.

Chocolate.o: Chocolate.cpp Chocolate.h
#  Implicit rule search has not been done.
#  Modification time never checked.
#  File has not been updated.
#  commands to execute (from `makefile', line 11):
	g++ -c Chocolate.cpp
	

# Not a target:
LindtFactory.cpp:
#  Implicit rule search has not been done.
#  Modification time never checked.
#  File has not been updated.

MilkyBar.o: MilkyBar.cpp MilkyBar.h
#  Implicit rule search has not been done.
#  Modification time never checked.
#  File has not been updated.
#  commands to execute (from `makefile', line 20):
	g++ -c MilkyBar.cpp
	

CadburyFactory.o: CadburyFactory.cpp CadburyFactory.h
#  Implicit rule search has not been done.
#  Modification time never checked.
#  File has not been updated.
#  commands to execute (from `makefile', line 35):
	g++ -c CadburyFactory.cpp
	

# Not a target:
all:
#  Command-line target.
#  Implicit rule search has been done.
#  File does not exist.
#  File has not been updated.
# variable set hash-table stats:
 
# Load=0/32=0%, Rehash=0, Collisions=0/0=0%

# Not a target:
DairyMilk.h:
#  Implicit rule search has not been done.
#  Modification time never checked.
#  File has not been updated.

# Not a target:
NestleFactory.h:
#  Implicit rule search has not been done.
#  Modification time never checked.
#  File has not been updated.

# Not a target:
DairyMilk.cpp:
#  Implicit rule search has not been done.
#  Modification time never checked.
#  File has not been updated.

AeratedChocolate.o: AeratedChocolate.cpp AeratedChocolate.h
#  Implicit rule search has not been done.
#  Modification time never checked.
#  File has not been updated.
#  commands to execute (from `makefile', line 14):
	g++ -c AeratedChocolate.cpp
	

# Not a target:
.SUFFIXES:
#  Implicit rule search has not been done.
#  Modification time never checked.
#  File has not been updated.

# Not a target:
ConfectioneryFactory.h:
#  Implicit rule search has not been done.
#  Modification time never checked.
#  File has not been updated.

Confectionery.o: Confectionery.cpp Confectionery.h
#  Implicit rule search has not been done.
#  Modification time never checked.
#  File has not been updated.
#  commands to execute (from `makefile', line 8):
	g++ -c Confectionery.cpp
	

# Not a target:
makefile:
#  Implicit rule search has been done.
#  Last modified 2022-08-29 10:55:29
#  File has been updated.
#  Successfully updated.
# variable set hash-table stats:
# Load=0/32=0%, Rehash=0, Collisions=0/0=0%

# Not a target:
main.cpp:
#  Implicit rule search has not been done.
#  Modification time never checked.
#  File has not been updated.

# Not a target:
Areo.h:
#  Implicit rule search has not been done.
#  Modification time never checked.
#  File has not been updated.

# Not a target:
DairyMilkBubbly.h:
#  Implicit rule search has not been done.
#  Modification time never checked.
#  File has not been updated.

# Not a target:
Areo.cpp:
#  Implicit rule search has not been done.
#  Modification time never checked.
#  File has not been updated.

LindtFactory.o: LindtFactory.cpp LindtFactory.h
#  Implicit rule search has not been done.
#  Modification time never checked.
#  File has not been updated.
#  commands to execute (from `makefile', line 41):
	g++ -c LindtFactory.cpp
	

# Not a target:
DairyMilkBubbly.cpp:
#  Implicit rule search has not been done.
#  Modification time never checked.
#  File has not been updated.

# Not a target:
Chocolate.h:
#  Implicit rule search has not been done.
#  Modification time never checked.
#  File has not been updated.

# Not a target:
MilkyBar.h:
#  Implicit rule search has not been done.
#  Modification time never checked.
#  File has not been updated.

# Not a target:
.DEFAULT:
#  Implicit rule search has not been done.
#  Modification time never checked.
#  File has not been updated.

# Not a target:
CadburyFactory.h:
#  Implicit rule search has not been done.
#  Modification time never checked.
#  File has not been updated.

Lindor.o: Lindor.cpp Lindor.h
#  Implicit rule search has not been done.
#  Modification time never checked.
#  File has not been updated.
#  commands to execute (from `makefile', line 23):
	g++ -c Lindor.cpp
	

# Not a target:
NestleFactory.cpp:
#  Implicit rule search has not been done.
#  Modification time never checked.
#  File has not been updated.

# Not a target:
Chocolate.cpp:
#  Implicit rule search has not been done.
#  Modification time never checked.
#  File has not been updated.

DairyMilk.o: DairyMilk.cpp DairyMilk.h
#  Implicit rule search has not been done.
#  Modification time never checked.
#  File has not been updated.
#  commands to execute (from `makefile', line 17):
	g++ -c DairyMilk.cpp
	

# Not a target:
MilkyBar.cpp:
#  Implicit rule search has not been done.
#  Modification time never checked.
#  File has not been updated.

# Not a target:
CadburyFactory.cpp:
#  Implicit rule search has not been done.
#  Modification time never checked.
#  File has not been updated.

run: main
#  Implicit rule search has not been done.
#  Modification time never checked.
#  File has not been updated.
#  commands to execute (from `makefile', line 44):
	./main	
	

clean:
#  Implicit rule search has not been done.
#  Modification time never checked.
#  File has not been updated.
#  commands to execute (from `makefile', line 47):
	rm *.o main
	

NestleFactory.o: NestleFactory.cpp NestleFactory.h
#  Implicit rule search has not been done.
#  Modification time never checked.
#  File has not been updated.
#  commands to execute (from `makefile', line 38):
	g++ -c NestleFactory.cpp
	

# Not a target:
AeratedChocolate.h:
#  Implicit rule search has not been done.
#  Modification time never checked.
#  File has not been updated.

# Not a target:
Lindor.h:
#  Implicit rule search has not been done.
#  Modification time never checked.
#  File has not been updated.

ConfectioneryFactory.o: ConfectioneryFactory.cpp ConfectioneryFactory.h
#  Implicit rule search has not been done.
#  Modification time never checked.
#  File has not been updated.
#  commands to execute (from `makefile', line 32):
	g++ -c ConfectioneryFactory.cpp
	

# Not a target:
AeratedChocolate.cpp:
#  Implicit rule search has not been done.
#  Modification time never checked.
#  File has not been updated.

# Not a target:
ConfectioneryFactory.cpp:
#  Implicit rule search has not been done.
#  Modification time never checked.
#  File has not been updated.

main: main.o Confectionery.o Chocolate.o AeratedChocolate.o DairyMilk.o MilkyBar.o Lindor.o DairyMilkBubbly.o Areo.o ConfectioneryFactory.o CadburyFactory.o NestleFactory.o LindtFactory.o
#  Implicit rule search has not been done.
#  Modification time never checked.
#  File has not been updated.
#  commands to execute (from `makefile', line 2):
	g++ main.o Confectionery.o Chocolate.o AeratedChocolate.o DairyMilk.o MilkyBar.o Lindor.o DairyMilkBubbly.o Areo.o ConfectioneryFactory.o CadburyFactory.o NestleFactory.o LindtFactory.o -o main
	

main.o: main.cpp Confectionery.cpp Confectionery.h Chocolate.cpp Chocolate.h AeratedChocolate.cpp AeratedChocolate.h DairyMilk.h DairyMilk.cpp MilkyBar.h MilkyBar.cpp Lindor.h Lindor.cpp DairyMilkBubbly.h DairyMilkBubbly.cpp Areo.h Areo.cpp ConfectioneryFactory.h ConfectioneryFactory.cpp CadburyFactory.h CadburyFactory.cpp NestleFactory.h NestleFactory.cpp LindtFactory.h LindtFactory.cpp
#  Implicit rule search has not been done.
#  Modification time never checked.
#  File has not been updated.
#  commands to execute (from `makefile', line 5):
	g++ -c main.cpp
	

# Not a target:
Lindor.cpp:
#  Implicit rule search has not been done.
#  Modification time never checked.
#  File has not been updated.

# Not a target:
Confectionery.h:
#  Implicit rule search has not been done.
#  Modification time never checked.
#  File has not been updated.

# Not a target:
Confectionery.cpp:
#  Implicit rule search has not been done.
#  Modification time never checked.
#  File has not been updated.

Areo.o: Areo.cpp Areo.h
#  Implicit rule search has not been done.
#  Modification time never checked.
#  File has not been updated.
#  commands to execute (from `makefile', line 29):
	g++ -c Areo.cpp
	

DairyMilkBubbly.o: DairyMilkBubbly.cpp DairyMilkBubbly.h
#  Implicit rule search has not been done.
#  Modification time never checked.
#  File has not been updated.
#  commands to execute (from `makefile', line 26):
	g++ -c DairyMilkBubbly.cpp
	

# files hash-table stats:
# Load=45/1024=4%, Rehash=0, Collisions=8/120=7%
# VPATH Search Paths

# No `vpath' search paths.

# No general (`VPATH' variable) search path.

# # of strings in strcache: 1
# # of strcache buffers: 1
# strcache size: total = 4096 / max = 4096 / min = 4096 / avg = 4096
# strcache free: total = 4087 / max = 4087 / min = 4087 / avg = 4087

# Finished Make data base on Mon Aug 29 10:58:50 2022

 
